<?xml version="1.0" encoding="UTF-8"?>
<robot generator="Robot 3.2.1 (Python 3.8.3 on win32)" generated="20200811 23:38:24.413" rpa="false">
<suite id="s1" name="TestSuite2" source="D:\MyJava\RobotProject2\Test\TestSuite2.robot">
<kw name="Log" library="BuiltIn" type="setup">
<doc>Logs the given message with the given level.</doc>
<arguments>
<arg>I am inside Test Suite Setup</arg>
</arguments>
<msg timestamp="20200811 23:38:24.873" level="INFO">I am inside Test Suite Setup</msg>
<status status="PASS" starttime="20200811 23:38:24.873" endtime="20200811 23:38:24.874"></status>
</kw>
<test id="s1-t1" name="MyFirstTest">
<kw name="Log" library="BuiltIn" type="setup">
<doc>Logs the given message with the given level.</doc>
<arguments>
<arg>I am inside Test Case Setup</arg>
</arguments>
<msg timestamp="20200811 23:38:24.876" level="INFO">I am inside Test Case Setup</msg>
<status status="PASS" starttime="20200811 23:38:24.876" endtime="20200811 23:38:24.876"></status>
</kw>
<kw name="Log" library="BuiltIn">
<doc>Logs the given message with the given level.</doc>
<arguments>
<arg>Hello everyone...</arg>
</arguments>
<msg timestamp="20200811 23:38:24.877" level="INFO">Hello everyone...</msg>
<status status="PASS" starttime="20200811 23:38:24.877" endtime="20200811 23:38:24.877"></status>
</kw>
<kw name="Log" library="BuiltIn" type="teardown">
<doc>Logs the given message with the given level.</doc>
<arguments>
<arg>I am inside Test Case Tear down</arg>
</arguments>
<msg timestamp="20200811 23:38:24.879" level="INFO">I am inside Test Case Tear down</msg>
<status status="PASS" starttime="20200811 23:38:24.878" endtime="20200811 23:38:24.879"></status>
</kw>
<tags>
<tag>Smoke</tag>
</tags>
<status status="PASS" starttime="20200811 23:38:24.874" endtime="20200811 23:38:24.880" critical="yes"></status>
</test>
<test id="s1-t2" name="FirstSeleniumTest">
<kw name="Log" library="BuiltIn" type="setup">
<doc>Logs the given message with the given level.</doc>
<arguments>
<arg>I am inside Test Case Setup</arg>
</arguments>
<msg timestamp="20200811 23:38:24.884" level="INFO">I am inside Test Case Setup</msg>
<status status="PASS" starttime="20200811 23:38:24.883" endtime="20200811 23:38:24.884"></status>
</kw>
<kw name="Set Tags" library="BuiltIn">
<doc>Adds given ``tags`` for the current test or all tests in a suite.</doc>
<arguments>
<arg>regression</arg>
</arguments>
<msg timestamp="20200811 23:38:24.885" level="INFO">Set tag 'regression'.</msg>
<status status="PASS" starttime="20200811 23:38:24.885" endtime="20200811 23:38:24.885"></status>
</kw>
<kw name="Remove Tags" library="BuiltIn">
<doc>Removes given ``tags`` from the current test or all tests in a suite.</doc>
<arguments>
<arg>regression</arg>
</arguments>
<msg timestamp="20200811 23:38:24.887" level="INFO">Removed tag 'regression'.</msg>
<status status="PASS" starttime="20200811 23:38:24.886" endtime="20200811 23:38:24.887"></status>
</kw>
<kw name="Open Browser" library="SeleniumLibrary">
<doc>Opens a new browser instance to the optional ``url``.</doc>
<arguments>
<arg>http://google.com</arg>
<arg>Chrome</arg>
</arguments>
<msg timestamp="20200811 23:38:24.888" level="INFO">Opening browser 'Chrome' to base url 'http://google.com'.</msg>
<status status="PASS" starttime="20200811 23:38:24.888" endtime="20200811 23:38:33.703"></status>
</kw>
<kw name="Set Browser Implicit Wait" library="SeleniumLibrary">
<doc>Sets the implicit wait value used by Selenium.</doc>
<arguments>
<arg>5</arg>
</arguments>
<status status="PASS" starttime="20200811 23:38:33.704" endtime="20200811 23:38:33.708"></status>
</kw>
<kw name="Input Text" library="SeleniumLibrary">
<doc>Types the given ``text`` into the text field identified by ``locator``.</doc>
<arguments>
<arg>name=q</arg>
<arg>Automation step by step</arg>
</arguments>
<msg timestamp="20200811 23:38:33.709" level="INFO">Typing text 'Automation step by step' into text field 'name=q'.</msg>
<status status="PASS" starttime="20200811 23:38:33.708" endtime="20200811 23:38:34.041"></status>
</kw>
<kw name="Press Keys" library="SeleniumLibrary">
<doc>Simulates the user pressing key(s) to an element or on the active browser.</doc>
<arguments>
<arg>name=q</arg>
<arg>ENTER</arg>
</arguments>
<msg timestamp="20200811 23:38:34.044" level="INFO">Sending key(s) ('ENTER',) to name=q element.</msg>
<msg timestamp="20200811 23:38:34.418" level="INFO">Pressing special key ENTER to element.</msg>
<msg timestamp="20200811 23:38:34.419" level="INFO">Releasing special key ENTER.</msg>
<status status="PASS" starttime="20200811 23:38:34.043" endtime="20200811 23:38:39.370"></status>
</kw>
<kw name="Sleep" library="BuiltIn">
<doc>Pauses the test executed for the given time.</doc>
<arguments>
<arg>2</arg>
</arguments>
<msg timestamp="20200811 23:38:41.374" level="INFO">Slept 2 seconds</msg>
<status status="PASS" starttime="20200811 23:38:39.372" endtime="20200811 23:38:41.374"></status>
</kw>
<kw name="Close Browser" library="SeleniumLibrary">
<doc>Closes the current browser.</doc>
<status status="PASS" starttime="20200811 23:38:41.375" endtime="20200811 23:38:44.800"></status>
</kw>
<kw name="Log" library="BuiltIn">
<doc>Logs the given message with the given level.</doc>
<arguments>
<arg>Test Completed!</arg>
</arguments>
<msg timestamp="20200811 23:38:44.803" level="INFO">Test Completed!</msg>
<status status="PASS" starttime="20200811 23:38:44.802" endtime="20200811 23:38:44.803"></status>
</kw>
<kw name="Log" library="BuiltIn" type="teardown">
<doc>Logs the given message with the given level.</doc>
<arguments>
<arg>I am inside Test Case Tear down</arg>
</arguments>
<msg timestamp="20200811 23:38:44.804" level="INFO">I am inside Test Case Tear down</msg>
<status status="PASS" starttime="20200811 23:38:44.804" endtime="20200811 23:38:44.805"></status>
</kw>
<tags>
<tag>Sanity</tag>
</tags>
<status status="PASS" starttime="20200811 23:38:24.882" endtime="20200811 23:38:44.806" critical="yes"></status>
</test>
<test id="s1-t3" name="SampleLoginTest">
<kw name="Log" library="BuiltIn" type="setup">
<doc>Logs the given message with the given level.</doc>
<arguments>
<arg>I am inside Test Case Setup</arg>
</arguments>
<msg timestamp="20200811 23:38:44.812" level="INFO">I am inside Test Case Setup</msg>
<status status="PASS" starttime="20200811 23:38:44.811" endtime="20200811 23:38:44.812"></status>
</kw>
<kw name="Open Browser" library="SeleniumLibrary">
<doc>Opens a new browser instance to the optional ``url``.</doc>
<arguments>
<arg>${URL}</arg>
<arg>Chrome</arg>
</arguments>
<msg timestamp="20200811 23:38:44.813" level="INFO">Opening browser 'Chrome' to base url 'https://opensource-demo.orangehrmlive.com/'.</msg>
<status status="PASS" starttime="20200811 23:38:44.813" endtime="20200811 23:41:18.994"></status>
</kw>
<kw name="Set Browser Implicit Wait" library="SeleniumLibrary">
<doc>Sets the implicit wait value used by Selenium.</doc>
<arguments>
<arg>5</arg>
</arguments>
<status status="PASS" starttime="20200811 23:41:18.996" endtime="20200811 23:41:18.999"></status>
</kw>
<kw name="LoginKW">
<kw name="Input Text" library="SeleniumLibrary">
<doc>Types the given ``text`` into the text field identified by ``locator``.</doc>
<arguments>
<arg>id=txtUsername</arg>
<arg>${CREDENTIAL}[0]</arg>
</arguments>
<msg timestamp="20200811 23:41:19.001" level="INFO">Typing text 'Admin' into text field 'id=txtUsername'.</msg>
<kw name="Capture Page Screenshot" library="SeleniumLibrary">
<doc>Takes a screenshot of the current page and embeds it into a log file.</doc>
<msg timestamp="20200811 23:41:19.833" level="FAIL">NoSuchWindowException: Message: no such window: target window already closed
from unknown error: web view not found
  (Session info: chrome=84.0.4147.105)
</msg>
<status status="FAIL" starttime="20200811 23:41:19.004" endtime="20200811 23:41:19.833"></status>
</kw>
<msg timestamp="20200811 23:41:19.833" level="WARN">Keyword 'Capture Page Screenshot' could not be run on failure: NoSuchWindowException: Message: no such window: target window already closed
from unknown error: web view not found
  (Session info: chrome=84.0.4147.105)
</msg>
<msg timestamp="20200811 23:41:19.958" level="FAIL">NoSuchWindowException: Message: no such window: target window already closed
from unknown error: web view not found
  (Session info: chrome=84.0.4147.105)
</msg>
<status status="FAIL" starttime="20200811 23:41:19.001" endtime="20200811 23:41:19.959"></status>
</kw>
<status status="FAIL" starttime="20200811 23:41:19.000" endtime="20200811 23:41:19.960"></status>
</kw>
<kw name="Log" library="BuiltIn" type="teardown">
<doc>Logs the given message with the given level.</doc>
<arguments>
<arg>I am inside Test Case Tear down</arg>
</arguments>
<msg timestamp="20200811 23:41:19.963" level="INFO">I am inside Test Case Tear down</msg>
<status status="PASS" starttime="20200811 23:41:19.962" endtime="20200811 23:41:19.963"></status>
</kw>
<doc>This is sample login test</doc>
<tags>
<tag>Sanity</tag>
</tags>
<status status="FAIL" starttime="20200811 23:38:44.809" endtime="20200811 23:41:19.964" critical="yes">NoSuchWindowException: Message: no such window: target window already closed
from unknown error: web view not found
  (Session info: chrome=84.0.4147.105)
</status>
</test>
<kw name="Log" library="BuiltIn" type="teardown">
<doc>Logs the given message with the given level.</doc>
<arguments>
<arg>I am inside Test Suite Tear down</arg>
</arguments>
<msg timestamp="20200811 23:41:19.975" level="INFO">I am inside Test Suite Tear down</msg>
<status status="PASS" starttime="20200811 23:41:19.975" endtime="20200811 23:41:19.976"></status>
</kw>
<doc>Simple example using selenium Library</doc>
<status status="FAIL" starttime="20200811 23:38:24.416" endtime="20200811 23:41:19.976"></status>
</suite>
<statistics>
<total>
<stat pass="2" fail="1">Critical Tests</stat>
<stat pass="2" fail="1">All Tests</stat>
</total>
<tag>
<stat pass="1" fail="1">Sanity</stat>
<stat pass="1" fail="0">Smoke</stat>
</tag>
<suite>
<stat pass="2" fail="1" id="s1" name="TestSuite2">TestSuite2</stat>
</suite>
</statistics>
<errors>
<msg timestamp="20200811 23:41:19.833" level="WARN">Keyword 'Capture Page Screenshot' could not be run on failure: NoSuchWindowException: Message: no such window: target window already closed
from unknown error: web view not found
  (Session info: chrome=84.0.4147.105)
</msg>
</errors>
</robot>
